<?xml version="1.0" encoding="UTF-8"?>
<robot generator="Robot 6.1 (Python 3.10.6 on linux)" generated="20230716 17:14:07.674" rpa="false" schemaversion="4">
<suite id="s1" name="Test" source="/home/dione/Bureau/testRobot/test.robot">
<test id="s1-t1" name="Naviguer vers Google et fermer le navigateur" line="10">
<kw name="Open Browser" library="SeleniumLibrary">
<arg>${URL}</arg>
<arg>${BROWSER}</arg>
<doc>Opens a new browser instance to the optional ``url``.</doc>
<msg timestamp="20230716 17:14:07.836" level="INFO">Opening browser 'Chrome' to base url 'https://www.google.com'.</msg>
<status status="PASS" starttime="20230716 17:14:07.835" endtime="20230716 17:14:10.559"/>
</kw>
<kw name="Maximize Browser Window" library="SeleniumLibrary">
<doc>Maximizes current browser window.</doc>
<status status="PASS" starttime="20230716 17:14:10.559" endtime="20230716 17:14:10.664"/>
</kw>
<kw name="Title Should Be" library="SeleniumLibrary">
<arg>Google</arg>
<doc>Verifies that the current page title equals ``title``.</doc>
<msg timestamp="20230716 17:14:10.674" level="INFO">Page title is 'Google'.</msg>
<status status="PASS" starttime="20230716 17:14:10.664" endtime="20230716 17:14:10.675"/>
</kw>
<kw name="Sleep" library="BuiltIn">
<arg>7s</arg>
<doc>Pauses the test executed for the given time.</doc>
<msg timestamp="20230716 17:14:17.676" level="INFO">Slept 7 seconds</msg>
<status status="PASS" starttime="20230716 17:14:10.675" endtime="20230716 17:14:17.676"/>
</kw>
<kw name="Close Browser" library="SeleniumLibrary">
<doc>Closes the current browser.</doc>
<status status="PASS" starttime="20230716 17:14:17.677" endtime="20230716 17:14:17.794"/>
</kw>
<doc>Ce test ouvre le navigateur, navigue vers Google, puis ferme le navigateur.</doc>
<status status="PASS" starttime="20230716 17:14:07.834" endtime="20230716 17:14:17.794"/>
</test>
<status status="PASS" starttime="20230716 17:14:07.675" endtime="20230716 17:14:17.796"/>
</suite>
<statistics>
<total>
<stat pass="1" fail="0" skip="0">All Tests</stat>
</total>
<tag>
</tag>
<suite>
<stat pass="1" fail="0" skip="0" id="s1" name="Test">Test</stat>
</suite>
</statistics>
<errors>
</errors>
</robot>
